# JRE version: Java(TM) SE Runtime Environment (8.0_60-b27) (build 1.8.0_60-b27)
# Java VM: Java HotSpot(TM) 64-Bit Server VM (25.60-b23 mixed mode windows-amd64 compressed oops)
Heap:
 PSYoungGen      total 324608K, used 105984K [0x00000000d5580000, 0x00000000f7600000, 0x0000000100000000)
  eden space 105984K, 100% used [0x00000000d5580000,0x00000000dbd00000,0x00000000dbd00000)
  from space 218624K, 0% used [0x00000000ea080000,0x00000000ea080000,0x00000000f7600000)
  to   space 225792K, 0% used [0x00000000dbd00000,0x00000000dbd00000,0x00000000e9980000)
 ParOldGen       total 1398272K, used 1398011K [0x0000000080000000, 0x00000000d5580000, 0x00000000d5580000)
  object space 1398272K, 99% used [0x0000000080000000,0x00000000d553ee98,0x00000000d5580000)
 Metaspace       used 2676K, capacity 4568K, committed 4864K, reserved 1056768K
  class space    used 290K, capacity 392K, committed 512K, reserved 1048576K
GC Heap History (10 events):
Event: 77.556 GC heap after
Heap after GC invocations=43 (full 21):
 PSYoungGen      total 324608K, used 105984K [0x00000000d5580000, 0x00000000f7600000, 0x0000000100000000)
  eden space 105984K, 100% used [0x00000000d5580000,0x00000000dbd00000,0x00000000dbd00000)
  from space 218624K, 0% used [0x00000000ea080000,0x00000000ea080000,0x00000000f7600000)
  to   space 225792K, 0% used [0x00000000dbd00000,0x00000000dbd00000,0x00000000e9980000)
 ParOldGen       total 1398272K, used 1398004K [0x0000000080000000, 0x00000000d5580000, 0x00000000d5580000)
  object space 1398272K, 99% used [0x0000000080000000,0x00000000d553d098,0x00000000d5580000)
 Metaspace       used 2676K, capacity 4568K, committed 4864K, reserved 1056768K
  class space    used 290K, capacity 392K, committed 512K, reserved 1048576K
}
Event: 77.556 GC heap before
{Heap before GC invocations=44 (full 22):
 PSYoungGen      total 324608K, used 105984K [0x00000000d5580000, 0x00000000f7600000, 0x0000000100000000)
  eden space 105984K, 100% used [0x00000000d5580000,0x00000000dbd00000,0x00000000dbd00000)
  from space 218624K, 0% used [0x00000000ea080000,0x00000000ea080000,0x00000000f7600000)
  to   space 225792K, 0% used [0x00000000dbd00000,0x00000000dbd00000,0x00000000e9980000)
 ParOldGen       total 1398272K, used 1398005K [0x0000000080000000, 0x00000000d5580000, 0x00000000d5580000)
  object space 1398272K, 99% used [0x0000000080000000,0x00000000d553d698,0x00000000d5580000)
 Metaspace       used 2676K, capacity 4568K, committed 4864K, reserved 1056768K
  class space    used 290K, capacity 392K, committed 512K, reserved 1048576K
Event: 79.477 GC heap after
Heap after GC invocations=44 (full 22):
 PSYoungGen      total 324608K, used 105984K [0x00000000d5580000, 0x00000000f7600000, 0x0000000100000000)
  eden space 105984K, 100% used [0x00000000d5580000,0x00000000dbd00000,0x00000000dbd00000)
  from space 218624K, 0% used [0x00000000ea080000,0x00000000ea080000,0x00000000f7600000)
  to   space 225792K, 0% used [0x00000000dbd00000,0x00000000dbd00000,0x00000000e9980000)
 ParOldGen       total 1398272K, used 1398005K [0x0000000080000000, 0x00000000d5580000, 0x00000000d5580000)
  object space 1398272K, 99% used [0x0000000080000000,0x00000000d553d698,0x00000000d5580000)
 Metaspace       used 2676K, capacity 4568K, committed 4864K, reserved 1056768K
  class space    used 290K, capacity 392K, committed 512K, reserved 1048576K
}
Event: 79.477 GC heap before
{Heap before GC invocations=45 (full 23):
 PSYoungGen      total 324608K, used 105984K [0x00000000d5580000, 0x00000000f7600000, 0x0000000100000000)
  eden space 105984K, 100% used [0x00000000d5580000,0x00000000dbd00000,0x00000000dbd00000)
  from space 218624K, 0% used [0x00000000ea080000,0x00000000ea080000,0x00000000f7600000)
  to   space 225792K, 0% used [0x00000000dbd00000,0x00000000dbd00000,0x00000000e9980000)
 ParOldGen       total 1398272K, used 1398007K [0x0000000080000000, 0x00000000d5580000, 0x00000000d5580000)
  object space 1398272K, 99% used [0x0000000080000000,0x00000000d553dc98,0x00000000d5580000)
 Metaspace       used 2676K, capacity 4568K, committed 4864K, reserved 1056768K
  class space    used 290K, capacity 392K, committed 512K, reserved 1048576K
Event: 81.488 GC heap after
Heap after GC invocations=45 (full 23):
 PSYoungGen      total 324608K, used 105984K [0x00000000d5580000, 0x00000000f7600000, 0x0000000100000000)
  eden space 105984K, 100% used [0x00000000d5580000,0x00000000dbd00000,0x00000000dbd00000)
  from space 218624K, 0% used [0x00000000ea080000,0x00000000ea080000,0x00000000f7600000)
  to   space 225792K, 0% used [0x00000000dbd00000,0x00000000dbd00000,0x00000000e9980000)
 ParOldGen       total 1398272K, used 1398007K [0x0000000080000000, 0x00000000d5580000, 0x00000000d5580000)
  object space 1398272K, 99% used [0x0000000080000000,0x00000000d553dc98,0x00000000d5580000)
 Metaspace       used 2676K, capacity 4568K, committed 4864K, reserved 1056768K
  class space    used 290K, capacity 392K, committed 512K, reserved 1048576K
}
Event: 81.488 GC heap before
{Heap before GC invocations=46 (full 24):
 PSYoungGen      total 324608K, used 105984K [0x00000000d5580000, 0x00000000f7600000, 0x0000000100000000)
  eden space 105984K, 100% used [0x00000000d5580000,0x00000000dbd00000,0x00000000dbd00000)
  from space 218624K, 0% used [0x00000000ea080000,0x00000000ea080000,0x00000000f7600000)
  to   space 225792K, 0% used [0x00000000dbd00000,0x00000000dbd00000,0x00000000e9980000)
 ParOldGen       total 1398272K, used 1398008K [0x0000000080000000, 0x00000000d5580000, 0x00000000d5580000)
  object space 1398272K, 99% used [0x0000000080000000,0x00000000d553e298,0x00000000d5580000)
 Metaspace       used 2676K, capacity 4568K, committed 4864K, reserved 1056768K
  class space    used 290K, capacity 392K, committed 512K, reserved 1048576K
Event: 83.508 GC heap after
Heap after GC invocations=46 (full 24):
 PSYoungGen      total 324608K, used 105984K [0x00000000d5580000, 0x00000000f7600000, 0x0000000100000000)
  eden space 105984K, 100% used [0x00000000d5580000,0x00000000dbd00000,0x00000000dbd00000)
  from space 218624K, 0% used [0x00000000ea080000,0x00000000ea080000,0x00000000f7600000)
  to   space 225792K, 0% used [0x00000000dbd00000,0x00000000dbd00000,0x00000000e9980000)
 ParOldGen       total 1398272K, used 1398008K [0x0000000080000000, 0x00000000d5580000, 0x00000000d5580000)
  object space 1398272K, 99% used [0x0000000080000000,0x00000000d553e298,0x00000000d5580000)
 Metaspace       used 2676K, capacity 4568K, committed 4864K, reserved 1056768K
  class space    used 290K, capacity 392K, committed 512K, reserved 1048576K
}
Event: 83.508 GC heap before
{Heap before GC invocations=47 (full 25):
 PSYoungGen      total 324608K, used 105984K [0x00000000d5580000, 0x00000000f7600000, 0x0000000100000000)
  eden space 105984K, 100% used [0x00000000d5580000,0x00000000dbd00000,0x00000000dbd00000)
  from space 218624K, 0% used [0x00000000ea080000,0x00000000ea080000,0x00000000f7600000)
  to   space 225792K, 0% used [0x00000000dbd00000,0x00000000dbd00000,0x00000000e9980000)
 ParOldGen       total 1398272K, used 1398010K [0x0000000080000000, 0x00000000d5580000, 0x00000000d5580000)
  object space 1398272K, 99% used [0x0000000080000000,0x00000000d553e898,0x00000000d5580000)
 Metaspace       used 2676K, capacity 4568K, committed 4864K, reserved 1056768K
  class space    used 290K, capacity 392K, committed 512K, reserved 1048576K
Event: 85.439 GC heap after
Heap after GC invocations=47 (full 25):
 PSYoungGen      total 324608K, used 105984K [0x00000000d5580000, 0x00000000f7600000, 0x0000000100000000)
  eden space 105984K, 100% used [0x00000000d5580000,0x00000000dbd00000,0x00000000dbd00000)
  from space 218624K, 0% used [0x00000000ea080000,0x00000000ea080000,0x00000000f7600000)
  to   space 225792K, 0% used [0x00000000dbd00000,0x00000000dbd00000,0x00000000e9980000)
 ParOldGen       total 1398272K, used 1398010K [0x0000000080000000, 0x00000000d5580000, 0x00000000d5580000)
  object space 1398272K, 99% used [0x0000000080000000,0x00000000d553e898,0x00000000d5580000)
 Metaspace       used 2676K, capacity 4568K, committed 4864K, reserved 1056768K
  class space    used 290K, capacity 392K, committed 512K, reserved 1048576K
}
Event: 85.439 GC heap before
{Heap before GC invocations=48 (full 26):
 PSYoungGen      total 324608K, used 105984K [0x00000000d5580000, 0x00000000f7600000, 0x0000000100000000)
  eden space 105984K, 100% used [0x00000000d5580000,0x00000000dbd00000,0x00000000dbd00000)
  from space 218624K, 0% used [0x00000000ea080000,0x00000000ea080000,0x00000000f7600000)
  to   space 225792K, 0% used [0x00000000dbd00000,0x00000000dbd00000,0x00000000e9980000)
 ParOldGen       total 1398272K, used 1398011K [0x0000000080000000, 0x00000000d5580000, 0x00000000d5580000)
  object space 1398272K, 99% used [0x0000000080000000,0x00000000d553ee98,0x00000000d5580000)
 Metaspace       used 2676K, capacity 4568K, committed 4864K, reserved 1056768K
  class space    used 290K, capacity 392K, committed 512K, reserved 1048576K

